<?xml version="1.0" encoding="UTF-8"?>
<!-- Generated by org.testng.reporters.JUnitReportReporter -->
<testsuite hostname="EGY-AHanafy-NB" name="TestCases.Login" tests="2" failures="0" timestamp="30 Oct 2016 10:51:35 GMT" time="31.422" errors="0">
  <testcase name="Login_Test_valid" time="18.867" classname="TestCases.Login"/>
  <testcase name="Login_Test_Invalid" time="12.555" classname="TestCases.Login"/>
</testsuite> <!-- TestCases.Login -->
