<?xml version="1.0" encoding="UTF-8"?>
<!-- Generated by org.testng.reporters.JUnitReportReporter -->
<testsuite hostname="EGY-AHanafy-NB" name="TestCases.Login" tests="2" failures="0" timestamp="24 Nov 2016 11:04:31 GMT" time="42.045" errors="0">
  <testcase name="Login_Test_valid" time="20.855" classname="TestCases.Login"/>
  <testcase name="Login_Test_Invalid" time="21.190" classname="TestCases.Login"/>
</testsuite> <!-- TestCases.Login -->
