<?xml version="1.0" encoding="UTF-8"?>
<!-- Generated by org.testng.reporters.JUnitReportReporter -->
<testsuite hostname="EGY-AHanafy-NB" name="TestCases.Login" tests="2" failures="0" timestamp="24 Nov 2016 08:37:00 GMT" time="60.283" errors="0">
  <testcase name="Login_Test_valid" time="22.169" classname="TestCases.Login"/>
  <testcase name="Login_Test_Invalid" time="38.114" classname="TestCases.Login"/>
</testsuite> <!-- TestCases.Login -->
