<?xml version="1.0" encoding="UTF-8"?>
<!-- Generated by org.testng.reporters.JUnitReportReporter -->
<testsuite hostname="EGY-AHanafy-NB" name="TestCases.Login" tests="2" failures="0" timestamp="10 Nov 2016 12:58:53 GMT" time="25.648" errors="0">
  <testcase name="Login_Test_valid" time="12.219" classname="TestCases.Login"/>
  <testcase name="Login_Test_Invalid" time="13.429" classname="TestCases.Login"/>
</testsuite> <!-- TestCases.Login -->
