<?xml version="1.0" encoding="UTF-8"?>
<!-- Generated by org.testng.reporters.JUnitReportReporter -->
<testsuite hostname="EGY-AHanafy-NB" name="TestCases.Login" tests="2" failures="0" timestamp="10 Nov 2016 09:52:39 GMT" time="71.591" errors="0">
  <testcase name="Login_Test_valid" time="28.878" classname="TestCases.Login"/>
  <testcase name="Login_Test_Invalid" time="42.713" classname="TestCases.Login"/>
</testsuite> <!-- TestCases.Login -->
