<?xml version="1.0" encoding="UTF-8"?>
<!-- Generated by org.testng.reporters.JUnitReportReporter -->
<testsuite hostname="EGY-AHanafy-NB" name="TestCases.Login" tests="2" failures="0" timestamp="9 Nov 2016 13:17:32 GMT" time="31.478" errors="0">
  <testcase name="Login_Test_valid" time="15.122" classname="TestCases.Login"/>
  <testcase name="Login_Test_Invalid" time="16.356" classname="TestCases.Login"/>
</testsuite> <!-- TestCases.Login -->
