<?xml version="1.0" encoding="UTF-8"?>
<!-- Generated by org.testng.reporters.JUnitReportReporter -->
<testsuite hostname="EGY-AHanafy-NB" name="TestCases.Login" tests="2" failures="0" timestamp="10 Nov 2016 12:04:10 GMT" time="40.052" errors="0">
  <testcase name="Login_Test_valid" time="18.794" classname="TestCases.Login"/>
  <testcase name="Login_Test_Invalid" time="21.258" classname="TestCases.Login"/>
</testsuite> <!-- TestCases.Login -->
