<?xml version="1.0" encoding="UTF-8"?>
<!-- Generated by org.testng.reporters.JUnitReportReporter -->
<testsuite hostname="EGY-AHanafy-NB" name="TestCases.Login" tests="2" failures="0" timestamp="10 Nov 2016 13:18:59 GMT" time="28.831" errors="0">
  <testcase name="Login_Test_valid" time="14.307" classname="TestCases.Login"/>
  <testcase name="Login_Test_Invalid" time="14.524" classname="TestCases.Login"/>
</testsuite> <!-- TestCases.Login -->
