<?xml version="1.0" encoding="UTF-8"?>
<!-- Generated by org.testng.reporters.JUnitReportReporter -->
<testsuite hostname="EGY-AHanafy-NB" name="TestCases.Login" tests="2" failures="0" timestamp="24 Nov 2016 09:49:19 GMT" time="33.330" errors="0">
  <testcase name="Login_Test_valid" time="15.999" classname="TestCases.Login"/>
  <testcase name="Login_Test_Invalid" time="17.331" classname="TestCases.Login"/>
</testsuite> <!-- TestCases.Login -->
