<?xml version="1.0" encoding="UTF-8"?>
<!-- Generated by org.testng.reporters.JUnitReportReporter -->
<testsuite hostname="EGY-AHanafy-NB" name="TestCases.Login" tests="2" failures="0" timestamp="24 Nov 2016 10:24:25 GMT" time="36.711" errors="0">
  <testcase name="Login_Test_valid" time="17.357" classname="TestCases.Login"/>
  <testcase name="Login_Test_Invalid" time="19.354" classname="TestCases.Login"/>
</testsuite> <!-- TestCases.Login -->
